f:\星际出击\星际出击\星际出击\debug\starattach.pch
f:\星际出击\星际出击\星际出击\debug\vc120.pdb
f:\星际出击\星际出击\星际出击\debug\vc120.idb
f:\星际出击\星际出击\星际出击\debug\stdafx.obj
f:\星际出击\星际出击\星际出击\debug\ball.obj
f:\星际出击\星际出击\星际出击\debug\blood.obj
f:\星际出击\星际出击\星际出击\debug\bomb.obj
f:\星际出击\星际出击\星际出击\debug\boss.obj
f:\星际出击\星际出击\星际出击\debug\classview.obj
f:\星际出击\星际出击\星际出击\debug\enemy.obj
f:\星际出击\星际出击\星际出击\debug\explosion.obj
f:\星际出击\星际出击\星际出击\debug\fileview.obj
f:\星际出击\星际出击\星际出击\debug\gameobject.obj
f:\星际出击\星际出击\星际出击\debug\mainfrm.obj
f:\星际出击\星际出击\星际出击\debug\mydialog.obj
f:\星际出击\星际出击\星际出击\debug\myplane.obj
f:\星际出击\星际出击\星际出击\debug\outputwnd.obj
f:\星际出击\星际出击\星际出击\debug\planewar.obj
f:\星际出击\星际出击\星际出击\debug\planewardoc.obj
f:\星际出击\星际出击\星际出击\debug\planewarview.obj
f:\星际出击\星际出击\星际出击\debug\propertieswnd.obj
f:\星际出击\星际出击\星际出击\debug\restartdialog.obj
f:\星际出击\星际出击\星际出击\debug\scene.obj
f:\星际出击\星际出击\星际出击\debug\viewtree.obj
f:\星际出击\星际出击\星际出击\x64\debug\starattach.ilk
f:\星际出击\星际出击\星际出击\x64\debug\starattach.exe
f:\星际出击\星际出击\星际出击\x64\debug\starattach.pdb
f:\星际出击\星际出击\星际出击\debug\planewar.res
f:\星际出击\星际出击\星际出击\.\x64\debug\starattach.exe
f:\星际出击\星际出击\星际出击\debug\starattach.tlog\cl.command.1.tlog
f:\星际出击\星际出击\星际出击\debug\starattach.tlog\cl.read.1.tlog
f:\星际出击\星际出击\星际出击\debug\starattach.tlog\cl.write.1.tlog
f:\星际出击\星际出击\星际出击\debug\starattach.tlog\link.command.1.tlog
f:\星际出击\星际出击\星际出击\debug\starattach.tlog\link.read.1.tlog
f:\星际出击\星际出击\星际出击\debug\starattach.tlog\link.write.1.tlog
f:\星际出击\星际出击\星际出击\debug\starattach.tlog\rc.command.1.tlog
f:\星际出击\星际出击\星际出击\debug\starattach.tlog\rc.read.1.tlog
f:\星际出击\星际出击\星际出击\debug\starattach.tlog\rc.write.1.tlog
